SLURM_JOBID=834288
SLURM_JOB_NODELIST=dt-gpu-01
GPU 0: NVIDIA GeForce RTX 2080 Ti (UUID: GPU-d0c5cb1c-11da-f0ea-5a56-30601709cbaa)
(tensor(False), 'אז את יכולה לתת לנו כמה דקות לקרוא את החומר?\r\n', tensor(0., dtype=torch.float64), tensor(1))
(tensor(False), 'לא יהיה שום מחטף של אף חקיקה, הבטחתי זאת אתמול ואני עומדת במילתי. כנסת ישראל תתנהל בצורה מסודרת, בצורה שקופה לציבור. הכול בסדר, תנוח דעתכם, בחיים לא יקרו כאן מחטפים. אנחנו נעשה את הכול לפי מה שהבטחתי אתמול. \r\n', tensor(0., dtype=torch.float64), tensor(1))
(tensor(False), 'זה לא מחטף? אז מה זה מחטף?\r\n', tensor(0., dtype=torch.float64), tensor(1))
(tensor(False), 'לא, זה לא עניין של רוב, זה כדי לעשות את הדיון, דיון צריך לעשות, היום אנחנו יכולים להצביע על החקיקה הזאת גם בלי דיון - - \r\n', tensor(0., dtype=torch.float64), tensor(1))
(tensor(False), 'לא, אנחנו לא עושים הצעה לסדר. יש הרבה סעיפים ולכן כל אחד יכול לדבר - - -\r\n', tensor(0., dtype=torch.float64), tensor(1))
(tensor(False), 'כי לא עושים מחטפים, לא מצביעים כי לא עושים מחטפים. \r\n', tensor(0., dtype=torch.float64), tensor(1))
(tensor(False), 'למה אנשי הממשלה לא הגיעו בזמן? \r\n', tensor(1., dtype=torch.float64), tensor(0))
(tensor(False), 'רגע, הפסקה, טלפון .\r\n', tensor(1., dtype=torch.float64), tensor(0))
(tensor(False), 'לא, אתה תיטול קורה. \r\n', tensor(0., dtype=torch.float64), tensor(1))
(tensor(False), 'לדיון בניהול שלנו, לא בניהול הזה. \r\n', tensor(0., dtype=torch.float64), tensor(1))
(tensor(False), 'אני מבקש לכבד את עובדי המדינה שמגיעים לכאן, אנחנו לא מכים את המקל. \r\n', tensor(0., dtype=torch.float64), tensor(1))
(tensor(False), 'קוורום צריך רק להצבעה, לא לדיון. אתם יכולים לצאת, זה בסדר. \r\n', tensor(0., dtype=torch.float64), tensor(1))
(tensor(False), 'זו בעיה שלכם, אתם מרעישים. \r\n', tensor(0., dtype=torch.float64), tensor(1))
(tensor(False), 'בבקשה, בבקשה, אני מבקשת שקט ותתנו לה לדבר. חבר הכנסת יעקב מרגי, חבר הכנסת יעקב מרגי, נקראת לסדר כבר. \r\n', tensor(0., dtype=torch.float64), tensor(1))
(tensor(False), 'אוסאמה סעדי, אני קוראת אותך לסדר בפעם הראשונה. חבר הכנסת רוטמן, אני אגן על זכותך לדבר.\r\n', tensor(0., dtype=torch.float64), tensor(1))
(tensor(False), 'די.\r\n', tensor(1., dtype=torch.float64), tensor(0))
(tensor(False), 'אתה רוצה? זה יהפוך אותך לימני.\r\n', tensor(0., dtype=torch.float64), tensor(1))
(tensor(False), 'כל הדיון הזה היה מיותר. אני מבקש שתגידי לה את זה, ארבל. \r\n', tensor(1., dtype=torch.float64), tensor(0))
(tensor(False), 'גבירתי היושבת-ראש, חבריי חברי הכנסת, גם אני מצטרף לביקורת על התרגיל המסריח עוד פעם. \r\n', tensor(1., dtype=torch.float64), tensor(0))
(tensor(False), 'מי שלא חוטף לא קיים, אתם לא יודעים? \r\n', tensor(0., dtype=torch.float64), tensor(1))
(tensor(False), 'זה לא ילך כי אין רוב. כשאתם מזמינים ל-08:30 ואתם לא מגיעים לשעה זו, ואז אתם מיד עוברים לסעיף 8 לסדר היום. \r\n', tensor(1., dtype=torch.float64), tensor(0))
(tensor(False), 'כבר היינו בסרט הזה. \r\n', tensor(0., dtype=torch.float64), tensor(1))
(tensor(False), 'זה לא קשור אליכם. \r\n', tensor(0., dtype=torch.float64), tensor(1))
(tensor(False), 'זה חוזר על עצמו כל הזמן. \r\n', tensor(0., dtype=torch.float64), tensor(1))
(tensor(False), 'תראי איזה רעש יש פה.\r\n', tensor(0., dtype=torch.float64), tensor(1))
(tensor(False), 'לא, את לא מקשיבה לי. \r\n', tensor(0., dtype=torch.float64), tensor(1))
(tensor(False), 'עכשיו, עידית, את לא מגינה על זכותי לדבר. \r\n', tensor(0., dtype=torch.float64), tensor(1))
(tensor(False), 'תענה לה, אתה ציוני?\r\n', tensor(1., dtype=torch.float64), tensor(0))
(tensor(False), 'בגלל שהוא יושב על הכתפיים של מרב מיכאלי ושל וואליד טאהא אז הוא הולך לפנות את אביתר, זה הכול. אנחנו חייבים - - - את המצב הבלתי-אפשרי הזה - - -\r\n', tensor(0., dtype=torch.float64), tensor(1))
(tensor(False), 'נדב ארגמן היה ישן באותו היום. \r\n', tensor(1., dtype=torch.float64), tensor(0))
(tensor(False), 'תודה, גבירתי. אני רוצה - - - אל תתחילי את הסטופר, אני לא מדבר. \r\n', tensor(0., dtype=torch.float64), tensor(1))
(tensor(False), 'היא אפילו לא מקשיבה לך. \r\n', tensor(0., dtype=torch.float64), tensor(1))
(tensor(False), 'היא מקבלת הוראות מאלקין. \r\n', tensor(0., dtype=torch.float64), tensor(1))
(tensor(False), 'שקט בבקשה. \r\n', tensor(1., dtype=torch.float64), tensor(0))
(tensor(False), '- - - דרך ארץ - -- \r\n', tensor(1., dtype=torch.float64), tensor(0))
(tensor(False), 'לא מתאים שאת תגני על קואליציה שכזו, לא מתאים. היא שרה, הוא שר, בסדר - - -\r\n', tensor(1., dtype=torch.float64), tensor(0))
(tensor(False), 'אנחנו נעבור ישר להצבעה, אי-אפשר - - -\r\n', tensor(0., dtype=torch.float64), tensor(1))
(tensor(False), 'היא אמרה שהיא תיתן תשובות.\r\n', tensor(0., dtype=torch.float64), tensor(1))
(tensor(False), 'מה היה פה? \r\n', tensor(1., dtype=torch.float64), tensor(0))
(tensor(False), 'לא יאומן.\r\n', tensor(0., dtype=torch.float64), tensor(1))
(tensor(False), 'תירגע, תירגע.\r\n', tensor(1., dtype=torch.float64), tensor(0))
(tensor(False), '16 מול 16. ברוויזיה היא תבדוק גם לפי המצלמות אם היה 16 מול 16 או 16 מול 17. \r\n', tensor(1., dtype=torch.float64), tensor(0))
(tensor(False), 'כולם להירשם לדיבור, כולם להירשם לדיבור. \r\n', tensor(0., dtype=torch.float64), tensor(1))
(tensor(False), 'אמרתי כבר.\r\n', tensor(1., dtype=torch.float64), tensor(0))
(tensor(False), 'חברים, חברים, יועצים החוצה, תודה. מי שיפריע ייקרא לסדר.\r\n', tensor(0., dtype=torch.float64), tensor(1))
(tensor(False), 'אתם תקשיבו, בבקשה. \r\n', tensor(0., dtype=torch.float64), tensor(1))
(tensor(False), 'האם אדוני יכול לתת דוגמאות? \r\n', tensor(0., dtype=torch.float64), tensor(1))
(tensor(False), 'ביקשתי שתתנו לו, תכף נדבר על זה.\r\n', tensor(1., dtype=torch.float64), tensor(0))
(tensor(False), 'זו הנחייה מאלקין.\r\n', tensor(0., dtype=torch.float64), tensor(1))
(tensor(False), 'כל אחד ידבר והוא יתייחס. \r\n', tensor(0., dtype=torch.float64), tensor(1))
(tensor(False), 'ארבל, את צריכה להתערב, אנחנו לא סטטיסטים פה. \r\n', tensor(0., dtype=torch.float64), tensor(1))
(tensor(False), 'הוא קרא לה. \r\n', tensor(0., dtype=torch.float64), tensor(1))
(tensor(False), 'לא דיברתי, לא נתנו לי לדבר, מה הולך פה? \r\n', tensor(1., dtype=torch.float64), tensor(0))
(tensor(False), 'דוד, היא תוסיף אותך, טעות. \r\n', tensor(0., dtype=torch.float64), tensor(1))
(tensor(False), 'מדובר בחוק-יסוד, עוד לא התחלתי משפט. \r\n', tensor(1., dtype=torch.float64), tensor(0))
(tensor(False), 'זו הטענה שמופנית כלפיי. \r\n', tensor(0., dtype=torch.float64), tensor(1))
(tensor(False), 'קראת לה ילדה קטנה, לא? \r\n', tensor(0., dtype=torch.float64), tensor(1))
(tensor(False), 'זה מיקי מייצר את הקהל, לא אני. קטונתי. \r\n', tensor(0., dtype=torch.float64), tensor(1))
(tensor(False), 'אז מה? היא אומרת: אז מה? \r\n', tensor(0., dtype=torch.float64), tensor(1))
(tensor(False), 'ממתי מפריע לך - - - ?\r\n', tensor(0., dtype=torch.float64), tensor(1))
(tensor(False), 'אופיר כץ, די. \r\n', tensor(0., dtype=torch.float64), tensor(1))
(tensor(False), 'חבר הכנסת שלמה קרעי, די. די. \r\n', tensor(0., dtype=torch.float64), tensor(1))
(tensor(False), 'למה את לא קוראת לה לסדר? \r\n', tensor(1., dtype=torch.float64), tensor(0))
(tensor(False), 'מה זה הדיבור הזה?\r\n', tensor(1., dtype=torch.float64), tensor(0))
(tensor(False), 'דיבור נגוע. \r\n', tensor(1., dtype=torch.float64), tensor(0))
(tensor(False), 'שקט. פעם שלישית אתה תצא. חבר הכנסת יעקב אשר, אתה מסיים. בבקשה. \r\n', tensor(1., dtype=torch.float64), tensor(0))
(tensor(False), 'מיכל, היא תקרא אותך לסדר. זהירות.\r\n', tensor(1., dtype=torch.float64), tensor(0))
(tensor(False), 'אני לא יכול לדבר. \r\n', tensor(1., dtype=torch.float64), tensor(0))
(tensor(False), 'רם שפע, אתה תיקרא לסדר. זהירות. \r\n', tensor(1., dtype=torch.float64), tensor(0))
