SLURM_JOBID=869848
SLURM_JOB_NODELIST=ise-titan-01
GPU 0: NVIDIA TITAN RTX (UUID: GPU-0968b2bc-056e-4fa7-9c1e-3ae773a37d31)
committee id: 931
fetched 220 sessions
198 documented sessions
198 unique documented sessions
fetched 198 protocols)
warning: skipping protocol with id 565209
warning: skipping protocol with id 565283
warning: skipping protocol with id 565536
warning: skipping protocol with id 565772
warning: skipping protocol with id 565815
warning: skipping protocol with id 565988
warning: skipping protocol with id 566355
warning: skipping protocol with id 566356
warning: skipping protocol with id 566511
warning: skipping protocol with id 566594
warning: skipping protocol with id 567310
warning: skipping protocol with id 567312
warning: skipping protocol with id 567624
warning: skipping protocol with id 567626
warning: skipping protocol with id 568041
warning: skipping protocol with id 568837
warning: skipping protocol with id 568969
warning: skipping protocol with id 569195
warning: skipping protocol with id 569437
warning: skipping protocol with id 569549
warning: skipping protocol with id 569940
warning: skipping protocol with id 570389
warning: skipping protocol with id 570474
warning: skipping protocol with id 570514
warning: skipping protocol with id 570699
warning: skipping protocol with id 570709
warning: skipping protocol with id 570936
warning: skipping protocol with id 571264
warning: skipping protocol with id 571368
warning: skipping protocol with id 571730
warning: skipping protocol with id 571899
warning: skipping protocol with id 572431
warning: skipping protocol with id 572495
warning: skipping protocol with id 572689
warning: skipping protocol with id 572933
warning: skipping protocol with id 573062
warning: skipping protocol with id 573282
warning: skipping protocol with id 573556
warning: skipping protocol with id 573649
warning: skipping protocol with id 573805
warning: skipping protocol with id 574096
warning: skipping protocol with id 574451
warning: skipping protocol with id 574901
warning: skipping protocol with id 575041
warning: skipping protocol with id 575317
warning: skipping protocol with id 575321
warning: skipping protocol with id 575363
warning: skipping protocol with id 576901
warning: skipping protocol with id 577019
warning: skipping protocol with id 577171
warning: skipping protocol with id 577438
warning: skipping protocol with id 577646
warning: skipping protocol with id 578063
warning: skipping protocol with id 578879
warning: skipping protocol with id 579084
warning: skipping protocol with id 2002612
warning: skipping protocol with id 2002627
warning: skipping protocol with id 2002947
warning: skipping protocol with id 2002956
warning: skipping protocol with id 2003015
warning: skipping protocol with id 2003017
warning: skipping protocol with id 2003029
warning: skipping protocol with id 2003089
warning: skipping protocol with id 2003219
warning: skipping protocol with id 2003930
warning: skipping protocol with id 2004031
warning: skipping protocol with id 2004596
warning: skipping protocol with id 2004600
warning: skipping protocol with id 2004736
warning: skipping protocol with id 2006034
warning: skipping protocol with id 2006278
warning: skipping protocol with id 2006544
warning: skipping protocol with id 2006659
warning: skipping protocol with id 2007288
warning: skipping protocol with id 2007374
warning: skipping protocol with id 2007614
warning: skipping protocol with id 2007673
warning: skipping protocol with id 2007717
warning: skipping protocol with id 2007748
warning: skipping protocol with id 2007893
warning: skipping protocol with id 2008156
warning: skipping protocol with id 2008646
warning: skipping protocol with id 2008721
warning: skipping protocol with id 2009189
warning: skipping protocol with id 2009438
warning: skipping protocol with id 2009694
warning: skipping protocol with id 2009734
warning: skipping protocol with id 2010092
warning: skipping protocol with id 2010451
warning: skipping protocol with id 2011105
warning: skipping protocol with id 2011119
warning: skipping protocol with id 2011123
warning: skipping protocol with id 2011706
warning: skipping protocol with id 2011937
warning: skipping protocol with id 2011964
warning: skipping protocol with id 2012228
warning: skipping protocol with id 2012650
warning: skipping protocol with id 2012709
warning: skipping protocol with id 2012892
warning: skipping protocol with id 2013402
warning: skipping protocol with id 2013602
warning: skipping protocol with id 2014139
warning: skipping protocol with id 2014599
warning: skipping protocol with id 2014784
warning: skipping protocol with id 2014785
warning: skipping protocol with id 2014786
warning: skipping protocol with id 2014788
warning: skipping protocol with id 2015067
warning: skipping protocol with id 2015184
warning: skipping protocol with id 2015194
warning: skipping protocol with id 2015760
warning: skipping protocol with id 2016395
warning: skipping protocol with id 2016623
warning: skipping protocol with id 2016977
warning: skipping protocol with id 2017021
warning: skipping protocol with id 2017441
warning: skipping protocol with id 2017444
warning: skipping protocol with id 2017657
warning: skipping protocol with id 2017660
warning: skipping protocol with id 2017663
warning: skipping protocol with id 2017665
warning: skipping protocol with id 2018101
warning: skipping protocol with id 2018202
warning: skipping protocol with id 2018520
warning: skipping protocol with id 2018585
warning: skipping protocol with id 2018842
warning: skipping protocol with id 2019266
warning: skipping protocol with id 2019270
warning: skipping protocol with id 2019496
warning: skipping protocol with id 2019500
warning: skipping protocol with id 2019815
warning: skipping protocol with id 2019817
warning: skipping protocol with id 2019907
warning: skipping protocol with id 2020136
warning: skipping protocol with id 2021153
warning: skipping protocol with id 2021155
warning: skipping protocol with id 2021265
warning: skipping protocol with id 2021299
warning: skipping protocol with id 2021301
warning: skipping protocol with id 2021303
warning: skipping protocol with id 2021532
warning: skipping protocol with id 2022366
warning: skipping protocol with id 2023316
warning: skipping protocol with id 2023399
warning: skipping protocol with id 2023763
warning: skipping protocol with id 2023989
warning: skipping protocol with id 2024131
warning: skipping protocol with id 2024609
warning: skipping protocol with id 2025419
warning: skipping protocol with id 2025773
warning: skipping protocol with id 2063411
warning: skipping protocol with id 2063525
warning: skipping protocol with id 2063608
warning: skipping protocol with id 2064066
warning: skipping protocol with id 2064289
warning: skipping protocol with id 2064587
warning: skipping protocol with id 2064604
warning: skipping protocol with id 2064825
warning: skipping protocol with id 2065015
warning: skipping protocol with id 2065206
warning: skipping protocol with id 2065210
warning: skipping protocol with id 2066007
warning: skipping protocol with id 2066010
warning: skipping protocol with id 2066180
warning: skipping protocol with id 2066232
warning: skipping protocol with id 2066380
warning: skipping protocol with id 2066381
warning: skipping protocol with id 2066384
warning: skipping protocol with id 2066386
warning: skipping protocol with id 2066391
warning: skipping protocol with id 2068196
warning: skipping protocol with id 2068197
warning: skipping protocol with id 2069710
warning: skipping protocol with id 2069713
warning: skipping protocol with id 2069718
warning: skipping protocol with id 2070675
warning: skipping protocol with id 2070850
warning: skipping protocol with id 2071080
warning: skipping protocol with id 2071631
warning: skipping protocol with id 2071944
warning: skipping protocol with id 2072111
warning: skipping protocol with id 2072244
warning: skipping protocol with id 2072752
warning: skipping protocol with id 2072962
warning: skipping protocol with id 2073054
warning: skipping protocol with id 2073171
warning: skipping protocol with id 2074062
warning: skipping protocol with id 2074410
warning: skipping protocol with id 2075915
warning: skipping protocol with id 2076072
warning: skipping protocol with id 2076314
warning: skipping protocol with id 2076763
warning: skipping protocol with id 2076903
warning: skipping protocol with id 2077265
warning: skipping protocol with id 2077602
