SLURM_JOBID=869846
SLURM_JOB_NODELIST=cs-3090-05
GPU 0: NVIDIA GeForce RTX 3090 (UUID: GPU-10c291aa-b773-5c9e-c712-946d44a32c32)
committee id: 929
fetched 292 sessions
128 documented sessions
128 unique documented sessions
fetched 128 protocols)
warning: skipping protocol with id 571273
warning: skipping protocol with id 571851
warning: skipping protocol with id 572675
warning: skipping protocol with id 575804
warning: skipping protocol with id 576198
warning: skipping protocol with id 576237
warning: skipping protocol with id 576300
warning: skipping protocol with id 577328
warning: skipping protocol with id 577644
warning: skipping protocol with id 577650
warning: skipping protocol with id 577831
warning: skipping protocol with id 578064
warning: skipping protocol with id 578212
warning: skipping protocol with id 578586
warning: skipping protocol with id 578587
warning: skipping protocol with id 578695
warning: skipping protocol with id 578753
warning: skipping protocol with id 2005883
warning: skipping protocol with id 2005886
warning: skipping protocol with id 2006308
warning: skipping protocol with id 2006840
warning: skipping protocol with id 2008621
warning: skipping protocol with id 2009585
warning: skipping protocol with id 2010077
warning: skipping protocol with id 2010807
warning: skipping protocol with id 2010822
warning: skipping protocol with id 2012271
warning: skipping protocol with id 2013583
warning: skipping protocol with id 2013669
warning: skipping protocol with id 2015053
warning: skipping protocol with id 2015864
warning: skipping protocol with id 2015869
warning: skipping protocol with id 2016504
warning: skipping protocol with id 2016522
warning: skipping protocol with id 2016615
warning: skipping protocol with id 2016616
warning: skipping protocol with id 2016827
warning: skipping protocol with id 2017010
warning: skipping protocol with id 2017389
warning: skipping protocol with id 2017439
warning: skipping protocol with id 2017884
warning: skipping protocol with id 2018484
warning: skipping protocol with id 2018516
warning: skipping protocol with id 2018785
warning: skipping protocol with id 2018904
warning: skipping protocol with id 2018996
warning: skipping protocol with id 2019321
warning: skipping protocol with id 2019474
warning: skipping protocol with id 2019491
warning: skipping protocol with id 2019802
warning: skipping protocol with id 2020086
warning: skipping protocol with id 2020707
warning: skipping protocol with id 2021174
warning: skipping protocol with id 2022373
warning: skipping protocol with id 2022423
warning: skipping protocol with id 2022435
warning: skipping protocol with id 2022556
warning: skipping protocol with id 2022636
warning: skipping protocol with id 2022857
warning: skipping protocol with id 2022862
warning: skipping protocol with id 2023264
warning: skipping protocol with id 2023480
warning: skipping protocol with id 2023677
warning: skipping protocol with id 2024054
warning: skipping protocol with id 2024545
warning: skipping protocol with id 2024866
warning: skipping protocol with id 2025036
warning: skipping protocol with id 2025570
warning: skipping protocol with id 2025592
warning: skipping protocol with id 2063363
warning: skipping protocol with id 2063424
warning: skipping protocol with id 2064207
warning: skipping protocol with id 2064556
warning: skipping protocol with id 2064560
warning: skipping protocol with id 2064983
warning: skipping protocol with id 2065255
warning: skipping protocol with id 2065644
warning: skipping protocol with id 2065844
warning: skipping protocol with id 2065940
warning: skipping protocol with id 2065949
warning: skipping protocol with id 2066035
warning: skipping protocol with id 2066227
warning: skipping protocol with id 2066239
warning: skipping protocol with id 2067948
warning: skipping protocol with id 2068029
warning: skipping protocol with id 2068148
warning: skipping protocol with id 2068226
warning: skipping protocol with id 2068266
warning: skipping protocol with id 2068861
warning: skipping protocol with id 2069218
warning: skipping protocol with id 2069771
warning: skipping protocol with id 2069813
warning: skipping protocol with id 2070373
warning: skipping protocol with id 2070421
warning: skipping protocol with id 2070689
warning: skipping protocol with id 2070910
warning: skipping protocol with id 2071418
warning: skipping protocol with id 2071464
warning: skipping protocol with id 2071811
warning: skipping protocol with id 2071816
warning: skipping protocol with id 2072155
warning: skipping protocol with id 2072324
warning: skipping protocol with id 2072554
warning: skipping protocol with id 2073679
warning: skipping protocol with id 2075935
warning: skipping protocol with id 2076696
