SLURM_JOBID=869845
SLURM_JOB_NODELIST=cs-1080-02
GPU 0: NVIDIA TITAN Xp (UUID: GPU-3576f817-9eb3-3031-ceb8-76fd2bba33f0)
committee id: 922
fetched 1373 sessions
1227 documented sessions
1226 unique documented sessions
fetched 1226 protocols)
warning: skipping protocol with id 562716
warning: skipping protocol with id 563293
warning: skipping protocol with id 563590
warning: skipping protocol with id 564118
warning: skipping protocol with id 564120
warning: skipping protocol with id 565181
warning: skipping protocol with id 565264
warning: skipping protocol with id 565265
warning: skipping protocol with id 565430
warning: skipping protocol with id 565431
warning: skipping protocol with id 565432
warning: skipping protocol with id 565434
warning: skipping protocol with id 565796
warning: skipping protocol with id 565798
warning: skipping protocol with id 565799
warning: skipping protocol with id 565800
warning: skipping protocol with id 565856
warning: skipping protocol with id 566091
warning: skipping protocol with id 566158
warning: skipping protocol with id 566161
warning: skipping protocol with id 566162
warning: skipping protocol with id 566170
warning: skipping protocol with id 566174
warning: skipping protocol with id 566570
warning: skipping protocol with id 566571
warning: skipping protocol with id 566572
warning: skipping protocol with id 566573
warning: skipping protocol with id 566574
warning: skipping protocol with id 566793
warning: skipping protocol with id 566929
warning: skipping protocol with id 566931
warning: skipping protocol with id 566933
warning: skipping protocol with id 567119
warning: skipping protocol with id 567178
warning: skipping protocol with id 567286
warning: skipping protocol with id 567409
warning: skipping protocol with id 567410
warning: skipping protocol with id 567411
warning: skipping protocol with id 567417
warning: skipping protocol with id 567418
warning: skipping protocol with id 567419
warning: skipping protocol with id 567420
warning: skipping protocol with id 567711
warning: skipping protocol with id 567767
warning: skipping protocol with id 567769
warning: skipping protocol with id 567770
warning: skipping protocol with id 568252
warning: skipping protocol with id 568254
warning: skipping protocol with id 568255
warning: skipping protocol with id 568267
warning: skipping protocol with id 568269
warning: skipping protocol with id 568271
warning: skipping protocol with id 568273
warning: skipping protocol with id 568422
warning: skipping protocol with id 568424
warning: skipping protocol with id 568481
warning: skipping protocol with id 568562
warning: skipping protocol with id 568563
warning: skipping protocol with id 568569
warning: skipping protocol with id 568576
warning: skipping protocol with id 568791
warning: skipping protocol with id 568792
warning: skipping protocol with id 568793
warning: skipping protocol with id 568794
warning: skipping protocol with id 568795
warning: skipping protocol with id 568796
warning: skipping protocol with id 568950
warning: skipping protocol with id 568951
warning: skipping protocol with id 568953
warning: skipping protocol with id 569018
warning: skipping protocol with id 569019
warning: skipping protocol with id 569020
warning: skipping protocol with id 569172
warning: skipping protocol with id 569173
warning: skipping protocol with id 569176
warning: skipping protocol with id 569177
warning: skipping protocol with id 569178
warning: skipping protocol with id 569179
warning: skipping protocol with id 569180
warning: skipping protocol with id 569181
warning: skipping protocol with id 569231
warning: skipping protocol with id 569234
warning: skipping protocol with id 569236
warning: skipping protocol with id 569237
warning: skipping protocol with id 569238
warning: skipping protocol with id 569239
warning: skipping protocol with id 569240
warning: skipping protocol with id 569241
warning: skipping protocol with id 569242
warning: skipping protocol with id 569243
warning: skipping protocol with id 569244
warning: skipping protocol with id 569245
warning: skipping protocol with id 569246
warning: skipping protocol with id 569248
warning: skipping protocol with id 569250
warning: skipping protocol with id 569252
warning: skipping protocol with id 569253
warning: skipping protocol with id 569255
warning: skipping protocol with id 569256
warning: skipping protocol with id 569259
warning: skipping protocol with id 569260
warning: skipping protocol with id 569261
warning: skipping protocol with id 569263
warning: skipping protocol with id 569264
warning: skipping protocol with id 569341
warning: skipping protocol with id 569475
warning: skipping protocol with id 569573
warning: skipping protocol with id 569725
warning: skipping protocol with id 569738
warning: skipping protocol with id 569944
warning: skipping protocol with id 570023
warning: skipping protocol with id 570043
warning: skipping protocol with id 570080
warning: skipping protocol with id 570081
warning: skipping protocol with id 570083
warning: skipping protocol with id 570085
warning: skipping protocol with id 570087
warning: skipping protocol with id 570222
warning: skipping protocol with id 570223
warning: skipping protocol with id 570224
warning: skipping protocol with id 570225
warning: skipping protocol with id 570227
warning: skipping protocol with id 570231
warning: skipping protocol with id 570232
warning: skipping protocol with id 570233
warning: skipping protocol with id 570234
warning: skipping protocol with id 570235
warning: skipping protocol with id 570236
warning: skipping protocol with id 570238
warning: skipping protocol with id 570239
warning: skipping protocol with id 570607
warning: skipping protocol with id 570608
warning: skipping protocol with id 570609
warning: skipping protocol with id 570610
warning: skipping protocol with id 570611
warning: skipping protocol with id 570612
warning: skipping protocol with id 570616
warning: skipping protocol with id 570791
warning: skipping protocol with id 570857
warning: skipping protocol with id 570888
warning: skipping protocol with id 570977
warning: skipping protocol with id 571016
warning: skipping protocol with id 571039
warning: skipping protocol with id 571041
warning: skipping protocol with id 571042
warning: skipping protocol with id 571044
warning: skipping protocol with id 571050
warning: skipping protocol with id 571052
warning: skipping protocol with id 571146
warning: skipping protocol with id 571193
warning: skipping protocol with id 571198
warning: skipping protocol with id 571211
warning: skipping protocol with id 571299
warning: skipping protocol with id 571312
warning: skipping protocol with id 571314
warning: skipping protocol with id 571315
warning: skipping protocol with id 571316
warning: skipping protocol with id 571317
warning: skipping protocol with id 571319
warning: skipping protocol with id 571321
warning: skipping protocol with id 571328
warning: skipping protocol with id 571329
warning: skipping protocol with id 571330
warning: skipping protocol with id 571331
warning: skipping protocol with id 571332
warning: skipping protocol with id 571356
warning: skipping protocol with id 571377
warning: skipping protocol with id 571378
warning: skipping protocol with id 571379
warning: skipping protocol with id 571380
warning: skipping protocol with id 571388
warning: skipping protocol with id 571389
warning: skipping protocol with id 571390
warning: skipping protocol with id 571391
warning: skipping protocol with id 571561
warning: skipping protocol with id 571562
warning: skipping protocol with id 571568
warning: skipping protocol with id 571587
warning: skipping protocol with id 571823
warning: skipping protocol with id 571921
warning: skipping protocol with id 571922
warning: skipping protocol with id 571923
warning: skipping protocol with id 571925
warning: skipping protocol with id 571926
warning: skipping protocol with id 572332
warning: skipping protocol with id 572333
warning: skipping protocol with id 572336
warning: skipping protocol with id 572338
warning: skipping protocol with id 572340
warning: skipping protocol with id 572343
warning: skipping protocol with id 572345
warning: skipping protocol with id 572375
warning: skipping protocol with id 572605
warning: skipping protocol with id 572607
warning: skipping protocol with id 572609
warning: skipping protocol with id 572610
warning: skipping protocol with id 572611
warning: skipping protocol with id 572613
warning: skipping protocol with id 572615
warning: skipping protocol with id 572996
warning: skipping protocol with id 573001
warning: skipping protocol with id 573002
warning: skipping protocol with id 573003
warning: skipping protocol with id 573004
warning: skipping protocol with id 573006
warning: skipping protocol with id 573008
warning: skipping protocol with id 573010
warning: skipping protocol with id 573012
warning: skipping protocol with id 573194
warning: skipping protocol with id 573243
warning: skipping protocol with id 573247
warning: skipping protocol with id 573249
warning: skipping protocol with id 573287
warning: skipping protocol with id 573322
warning: skipping protocol with id 573323
warning: skipping protocol with id 573324
warning: skipping protocol with id 573325
warning: skipping protocol with id 573326
warning: skipping protocol with id 573329
warning: skipping protocol with id 573331
warning: skipping protocol with id 573542
warning: skipping protocol with id 573595
warning: skipping protocol with id 573650
warning: skipping protocol with id 573652
warning: skipping protocol with id 573701
warning: skipping protocol with id 573734
warning: skipping protocol with id 573735
warning: skipping protocol with id 573737
warning: skipping protocol with id 573740
warning: skipping protocol with id 573743
warning: skipping protocol with id 573745
warning: skipping protocol with id 573748
warning: skipping protocol with id 573750
warning: skipping protocol with id 573751
warning: skipping protocol with id 573752
warning: skipping protocol with id 574122
warning: skipping protocol with id 574124
warning: skipping protocol with id 574130
warning: skipping protocol with id 574133
warning: skipping protocol with id 574134
warning: skipping protocol with id 574135
warning: skipping protocol with id 574142
warning: skipping protocol with id 574144
warning: skipping protocol with id 574511
warning: skipping protocol with id 574512
warning: skipping protocol with id 574516
warning: skipping protocol with id 574519
warning: skipping protocol with id 574520
warning: skipping protocol with id 574521
warning: skipping protocol with id 574914
warning: skipping protocol with id 574920
warning: skipping protocol with id 574921
warning: skipping protocol with id 574923
warning: skipping protocol with id 574929
warning: skipping protocol with id 574949
warning: skipping protocol with id 575342
warning: skipping protocol with id 575343
warning: skipping protocol with id 575345
warning: skipping protocol with id 575350
warning: skipping protocol with id 575352
warning: skipping protocol with id 575401
warning: skipping protocol with id 575579
warning: skipping protocol with id 575782
warning: skipping protocol with id 575785
warning: skipping protocol with id 575787
warning: skipping protocol with id 575790
warning: skipping protocol with id 575792
warning: skipping protocol with id 575796
warning: skipping protocol with id 575801
warning: skipping protocol with id 575803
warning: skipping protocol with id 576074
warning: skipping protocol with id 576264
warning: skipping protocol with id 576267
warning: skipping protocol with id 576268
warning: skipping protocol with id 576271
warning: skipping protocol with id 576274
warning: skipping protocol with id 576278
warning: skipping protocol with id 576279
warning: skipping protocol with id 576336
warning: skipping protocol with id 576532
warning: skipping protocol with id 576635
warning: skipping protocol with id 576639
warning: skipping protocol with id 576640
warning: skipping protocol with id 576642
warning: skipping protocol with id 576643
warning: skipping protocol with id 576644
warning: skipping protocol with id 576645
warning: skipping protocol with id 576646
warning: skipping protocol with id 576789
warning: skipping protocol with id 577097
warning: skipping protocol with id 577099
warning: skipping protocol with id 577102
warning: skipping protocol with id 577107
warning: skipping protocol with id 577111
warning: skipping protocol with id 577112
warning: skipping protocol with id 577113
warning: skipping protocol with id 577118
warning: skipping protocol with id 577120
warning: skipping protocol with id 577121
warning: skipping protocol with id 577555
warning: skipping protocol with id 577558
warning: skipping protocol with id 577559
warning: skipping protocol with id 577560
warning: skipping protocol with id 577564
warning: skipping protocol with id 577568
warning: skipping protocol with id 578008
warning: skipping protocol with id 578010
warning: skipping protocol with id 578011
warning: skipping protocol with id 578012
warning: skipping protocol with id 578013
warning: skipping protocol with id 578015
warning: skipping protocol with id 578018
warning: skipping protocol with id 578019
warning: skipping protocol with id 578240
warning: skipping protocol with id 578464
warning: skipping protocol with id 578465
warning: skipping protocol with id 578468
warning: skipping protocol with id 578472
warning: skipping protocol with id 578473
warning: skipping protocol with id 578474
warning: skipping protocol with id 578476
warning: skipping protocol with id 578779
warning: skipping protocol with id 578781
warning: skipping protocol with id 578783
warning: skipping protocol with id 578786
warning: skipping protocol with id 578788
warning: skipping protocol with id 578790
warning: skipping protocol with id 578792
warning: skipping protocol with id 578794
warning: skipping protocol with id 578796
warning: skipping protocol with id 578798
warning: skipping protocol with id 578800
warning: skipping protocol with id 578838
warning: skipping protocol with id 578876
warning: skipping protocol with id 578883
warning: skipping protocol with id 578884
warning: skipping protocol with id 578885
warning: skipping protocol with id 579143
warning: skipping protocol with id 579246
warning: skipping protocol with id 2002614
warning: skipping protocol with id 2002616
warning: skipping protocol with id 2002617
warning: skipping protocol with id 2002620
warning: skipping protocol with id 2002621
warning: skipping protocol with id 2002622
warning: skipping protocol with id 2002625
warning: skipping protocol with id 2002943
warning: skipping protocol with id 2002944
warning: skipping protocol with id 2002945
warning: skipping protocol with id 2002948
warning: skipping protocol with id 2002950
warning: skipping protocol with id 2002952
warning: skipping protocol with id 2002955
warning: skipping protocol with id 2002960
warning: skipping protocol with id 2003093
warning: skipping protocol with id 2003149
warning: skipping protocol with id 2003236
warning: skipping protocol with id 2003349
warning: skipping protocol with id 2003351
warning: skipping protocol with id 2003352
warning: skipping protocol with id 2003355
warning: skipping protocol with id 2003356
warning: skipping protocol with id 2003357
warning: skipping protocol with id 2003359
warning: skipping protocol with id 2003362
warning: skipping protocol with id 2003363
warning: skipping protocol with id 2003364
warning: skipping protocol with id 2003365
warning: skipping protocol with id 2003713
warning: skipping protocol with id 2003714
warning: skipping protocol with id 2003716
warning: skipping protocol with id 2003719
warning: skipping protocol with id 2003720
warning: skipping protocol with id 2003721
warning: skipping protocol with id 2003722
warning: skipping protocol with id 2003723
warning: skipping protocol with id 2003725
warning: skipping protocol with id 2003729
warning: skipping protocol with id 2003813
warning: skipping protocol with id 2003951
warning: skipping protocol with id 2004017
warning: skipping protocol with id 2004083
warning: skipping protocol with id 2004085
warning: skipping protocol with id 2004086
warning: skipping protocol with id 2004089
warning: skipping protocol with id 2004090
warning: skipping protocol with id 2004092
warning: skipping protocol with id 2004094
warning: skipping protocol with id 2004095
warning: skipping protocol with id 2004097
warning: skipping protocol with id 2004099
warning: skipping protocol with id 2004503
warning: skipping protocol with id 2004504
warning: skipping protocol with id 2004506
warning: skipping protocol with id 2004509
warning: skipping protocol with id 2004512
warning: skipping protocol with id 2004514
warning: skipping protocol with id 2004931
warning: skipping protocol with id 2004932
warning: skipping protocol with id 2004933
warning: skipping protocol with id 2004934
warning: skipping protocol with id 2004935
warning: skipping protocol with id 2004937
warning: skipping protocol with id 2004940
warning: skipping protocol with id 2004942
warning: skipping protocol with id 2004943
warning: skipping protocol with id 2005101
warning: skipping protocol with id 2005413
warning: skipping protocol with id 2005415
warning: skipping protocol with id 2005417
warning: skipping protocol with id 2005418
warning: skipping protocol with id 2005419
warning: skipping protocol with id 2005420
warning: skipping protocol with id 2005421
warning: skipping protocol with id 2005423
warning: skipping protocol with id 2005652
warning: skipping protocol with id 2005847
warning: skipping protocol with id 2005851
warning: skipping protocol with id 2005852
warning: skipping protocol with id 2006062
warning: skipping protocol with id 2006283
warning: skipping protocol with id 2006285
warning: skipping protocol with id 2006286
warning: skipping protocol with id 2006291
warning: skipping protocol with id 2006519
warning: skipping protocol with id 2006536
warning: skipping protocol with id 2006543
warning: skipping protocol with id 2006609
warning: skipping protocol with id 2006631
warning: skipping protocol with id 2006643
warning: skipping protocol with id 2006727
warning: skipping protocol with id 2006738
warning: skipping protocol with id 2006739
warning: skipping protocol with id 2006740
warning: skipping protocol with id 2006741
warning: skipping protocol with id 2006742
warning: skipping protocol with id 2006841
warning: skipping protocol with id 2006881
warning: skipping protocol with id 2006885
warning: skipping protocol with id 2006886
warning: skipping protocol with id 2007001
warning: skipping protocol with id 2007003
warning: skipping protocol with id 2007005
warning: skipping protocol with id 2007006
warning: skipping protocol with id 2007009
warning: skipping protocol with id 2007011
warning: skipping protocol with id 2007013
warning: skipping protocol with id 2007014
warning: skipping protocol with id 2007051
warning: skipping protocol with id 2007150
warning: skipping protocol with id 2007190
warning: skipping protocol with id 2007192
warning: skipping protocol with id 2007194
warning: skipping protocol with id 2007309
warning: skipping protocol with id 2007310
warning: skipping protocol with id 2007312
warning: skipping protocol with id 2007365
warning: skipping protocol with id 2007366
warning: skipping protocol with id 2007406
warning: skipping protocol with id 2007455
warning: skipping protocol with id 2007456
warning: skipping protocol with id 2007617
warning: skipping protocol with id 2007619
warning: skipping protocol with id 2007620
warning: skipping protocol with id 2007621
warning: skipping protocol with id 2007644
warning: skipping protocol with id 2007706
warning: skipping protocol with id 2007770
warning: skipping protocol with id 2007772
warning: skipping protocol with id 2007775
warning: skipping protocol with id 2007776
warning: skipping protocol with id 2007777
warning: skipping protocol with id 2007883
warning: skipping protocol with id 2007887
warning: skipping protocol with id 2007888
warning: skipping protocol with id 2007891
warning: skipping protocol with id 2007898
warning: skipping protocol with id 2008051
warning: skipping protocol with id 2008164
warning: skipping protocol with id 2008302
warning: skipping protocol with id 2008303
warning: skipping protocol with id 2008304
warning: skipping protocol with id 2008305
warning: skipping protocol with id 2008306
warning: skipping protocol with id 2008613
warning: skipping protocol with id 2008623
warning: skipping protocol with id 2008740
warning: skipping protocol with id 2008741
warning: skipping protocol with id 2008742
warning: skipping protocol with id 2008743
warning: skipping protocol with id 2008744
warning: skipping protocol with id 2008745
warning: skipping protocol with id 2008746
warning: skipping protocol with id 2008750
warning: skipping protocol with id 2008751
warning: skipping protocol with id 2008754
warning: skipping protocol with id 2008755
warning: skipping protocol with id 2008757
warning: skipping protocol with id 2008758
warning: skipping protocol with id 2008759
warning: skipping protocol with id 2008760
warning: skipping protocol with id 2008761
warning: skipping protocol with id 2008762
warning: skipping protocol with id 2008766
warning: skipping protocol with id 2008768
warning: skipping protocol with id 2008769
warning: skipping protocol with id 2008919
warning: skipping protocol with id 2008920
warning: skipping protocol with id 2008921
warning: skipping protocol with id 2008922
warning: skipping protocol with id 2008923
warning: skipping protocol with id 2009211
warning: skipping protocol with id 2009217
warning: skipping protocol with id 2009218
warning: skipping protocol with id 2009412
warning: skipping protocol with id 2009413
warning: skipping protocol with id 2009428
warning: skipping protocol with id 2009537
warning: skipping protocol with id 2009539
warning: skipping protocol with id 2009625
warning: skipping protocol with id 2009627
warning: skipping protocol with id 2009628
warning: skipping protocol with id 2009631
warning: skipping protocol with id 2009722
warning: skipping protocol with id 2009723
warning: skipping protocol with id 2009867
warning: skipping protocol with id 2009870
warning: skipping protocol with id 2009984
warning: skipping protocol with id 2009985
warning: skipping protocol with id 2009986
warning: skipping protocol with id 2009987
warning: skipping protocol with id 2010099
warning: skipping protocol with id 2010100
warning: skipping protocol with id 2010172
warning: skipping protocol with id 2010271
warning: skipping protocol with id 2010272
warning: skipping protocol with id 2010273
warning: skipping protocol with id 2010285
warning: skipping protocol with id 2010363
warning: skipping protocol with id 2010365
warning: skipping protocol with id 2010366
warning: skipping protocol with id 2010367
warning: skipping protocol with id 2010421
warning: skipping protocol with id 2010456
warning: skipping protocol with id 2010457
warning: skipping protocol with id 2010458
warning: skipping protocol with id 2010605
warning: skipping protocol with id 2010606
warning: skipping protocol with id 2010609
warning: skipping protocol with id 2010610
warning: skipping protocol with id 2010611
warning: skipping protocol with id 2010612
warning: skipping protocol with id 2010615
warning: skipping protocol with id 2010616
warning: skipping protocol with id 2010617
warning: skipping protocol with id 2010737
warning: skipping protocol with id 2010738
warning: skipping protocol with id 2010759
warning: skipping protocol with id 2010760
warning: skipping protocol with id 2010761
warning: skipping protocol with id 2010824
warning: skipping protocol with id 2010825
warning: skipping protocol with id 2010826
warning: skipping protocol with id 2010827
warning: skipping protocol with id 2010828
warning: skipping protocol with id 2010829
warning: skipping protocol with id 2010830
warning: skipping protocol with id 2010831
warning: skipping protocol with id 2010832
warning: skipping protocol with id 2010833
warning: skipping protocol with id 2010834
warning: skipping protocol with id 2010835
warning: skipping protocol with id 2010845
warning: skipping protocol with id 2010848
warning: skipping protocol with id 2010849
warning: skipping protocol with id 2010938
warning: skipping protocol with id 2010939
warning: skipping protocol with id 2010956
warning: skipping protocol with id 2010957
warning: skipping protocol with id 2010972
warning: skipping protocol with id 2010978
warning: skipping protocol with id 2010980
warning: skipping protocol with id 2010994
warning: skipping protocol with id 2011005
warning: skipping protocol with id 2011016
warning: skipping protocol with id 2011017
warning: skipping protocol with id 2011219
warning: skipping protocol with id 2011220
warning: skipping protocol with id 2011221
warning: skipping protocol with id 2011346
warning: skipping protocol with id 2011421
warning: skipping protocol with id 2011469
warning: skipping protocol with id 2011471
warning: skipping protocol with id 2011474
warning: skipping protocol with id 2011593
warning: skipping protocol with id 2011597
warning: skipping protocol with id 2011600
warning: skipping protocol with id 2011601
warning: skipping protocol with id 2011602
warning: skipping protocol with id 2011607
warning: skipping protocol with id 2011609
warning: skipping protocol with id 2011810
warning: skipping protocol with id 2011909
warning: skipping protocol with id 2011941
warning: skipping protocol with id 2011943
warning: skipping protocol with id 2011947
warning: skipping protocol with id 2011948
warning: skipping protocol with id 2011953
warning: skipping protocol with id 2011957
warning: skipping protocol with id 2012082
warning: skipping protocol with id 2012087
warning: skipping protocol with id 2012333
warning: skipping protocol with id 2012334
warning: skipping protocol with id 2012335
warning: skipping protocol with id 2012337
warning: skipping protocol with id 2012338
warning: skipping protocol with id 2012340
warning: skipping protocol with id 2012342
warning: skipping protocol with id 2012756
warning: skipping protocol with id 2012758
warning: skipping protocol with id 2012760
warning: skipping protocol with id 2012761
warning: skipping protocol with id 2012763
warning: skipping protocol with id 2012764
warning: skipping protocol with id 2012765
warning: skipping protocol with id 2012766
warning: skipping protocol with id 2012767
warning: skipping protocol with id 2013195
warning: skipping protocol with id 2013197
warning: skipping protocol with id 2013198
warning: skipping protocol with id 2013199
warning: skipping protocol with id 2013200
warning: skipping protocol with id 2013202
warning: skipping protocol with id 2013203
warning: skipping protocol with id 2013469
warning: skipping protocol with id 2013585
warning: skipping protocol with id 2013587
warning: skipping protocol with id 2013588
warning: skipping protocol with id 2013590
warning: skipping protocol with id 2013592
warning: skipping protocol with id 2013593
warning: skipping protocol with id 2013985
warning: skipping protocol with id 2013987
warning: skipping protocol with id 2013991
warning: skipping protocol with id 2013994
warning: skipping protocol with id 2013996
warning: skipping protocol with id 2014012
warning: skipping protocol with id 2014377
warning: skipping protocol with id 2014378
warning: skipping protocol with id 2014380
warning: skipping protocol with id 2014381
warning: skipping protocol with id 2014384
warning: skipping protocol with id 2014386
warning: skipping protocol with id 2014388
warning: skipping protocol with id 2014389
warning: skipping protocol with id 2014744
warning: skipping protocol with id 2014745
warning: skipping protocol with id 2014746
warning: skipping protocol with id 2014747
warning: skipping protocol with id 2014748
warning: skipping protocol with id 2014749
warning: skipping protocol with id 2015120
warning: skipping protocol with id 2015122
warning: skipping protocol with id 2015126
warning: skipping protocol with id 2015129
warning: skipping protocol with id 2015131
warning: skipping protocol with id 2015345
warning: skipping protocol with id 2015482
warning: skipping protocol with id 2015483
warning: skipping protocol with id 2015488
warning: skipping protocol with id 2015544
warning: skipping protocol with id 2015793
warning: skipping protocol with id 2015795
warning: skipping protocol with id 2015797
warning: skipping protocol with id 2015799
warning: skipping protocol with id 2015802
warning: skipping protocol with id 2015803
warning: skipping protocol with id 2015833
warning: skipping protocol with id 2015837
warning: skipping protocol with id 2015899
warning: skipping protocol with id 2016056
warning: skipping protocol with id 2016058
warning: skipping protocol with id 2016060
warning: skipping protocol with id 2016150
warning: skipping protocol with id 2016151
warning: skipping protocol with id 2016183
warning: skipping protocol with id 2016185
warning: skipping protocol with id 2016232
warning: skipping protocol with id 2016233
warning: skipping protocol with id 2016298
warning: skipping protocol with id 2016300
warning: skipping protocol with id 2016523
warning: skipping protocol with id 2016524
warning: skipping protocol with id 2016526
warning: skipping protocol with id 2016528
warning: skipping protocol with id 2016529
warning: skipping protocol with id 2016532
warning: skipping protocol with id 2016820
warning: skipping protocol with id 2016900
warning: skipping protocol with id 2016918
warning: skipping protocol with id 2016919
warning: skipping protocol with id 2016922
warning: skipping protocol with id 2016924
warning: skipping protocol with id 2016925
warning: skipping protocol with id 2016926
warning: skipping protocol with id 2017255
warning: skipping protocol with id 2017257
warning: skipping protocol with id 2017259
warning: skipping protocol with id 2017260
warning: skipping protocol with id 2017262
warning: skipping protocol with id 2017265
warning: skipping protocol with id 2017567
warning: skipping protocol with id 2017568
warning: skipping protocol with id 2017569
warning: skipping protocol with id 2017571
warning: skipping protocol with id 2017576
warning: skipping protocol with id 2017577
warning: skipping protocol with id 2017578
warning: skipping protocol with id 2017579
warning: skipping protocol with id 2017580
warning: skipping protocol with id 2018086
warning: skipping protocol with id 2018088
warning: skipping protocol with id 2018089
warning: skipping protocol with id 2018091
warning: skipping protocol with id 2018092
warning: skipping protocol with id 2018093
warning: skipping protocol with id 2018095
warning: skipping protocol with id 2018117
warning: skipping protocol with id 2018255
warning: skipping protocol with id 2018426
warning: skipping protocol with id 2018428
warning: skipping protocol with id 2018430
warning: skipping protocol with id 2018431
warning: skipping protocol with id 2018432
warning: skipping protocol with id 2018435
warning: skipping protocol with id 2018436
warning: skipping protocol with id 2018437
warning: skipping protocol with id 2018438
warning: skipping protocol with id 2018822
warning: skipping protocol with id 2018823
warning: skipping protocol with id 2018825
warning: skipping protocol with id 2018826
warning: skipping protocol with id 2018827
warning: skipping protocol with id 2018828
warning: skipping protocol with id 2019021
warning: skipping protocol with id 2019188
warning: skipping protocol with id 2019190
warning: skipping protocol with id 2019191
warning: skipping protocol with id 2019192
warning: skipping protocol with id 2019193
warning: skipping protocol with id 2019194
warning: skipping protocol with id 2019195
warning: skipping protocol with id 2019411
warning: skipping protocol with id 2019579
warning: skipping protocol with id 2019580
warning: skipping protocol with id 2019581
warning: skipping protocol with id 2019582
warning: skipping protocol with id 2019583
warning: skipping protocol with id 2019584
warning: skipping protocol with id 2019997
warning: skipping protocol with id 2019998
warning: skipping protocol with id 2019999
warning: skipping protocol with id 2020001
warning: skipping protocol with id 2020002
warning: skipping protocol with id 2020004
warning: skipping protocol with id 2020006
warning: skipping protocol with id 2020008
warning: skipping protocol with id 2020009
warning: skipping protocol with id 2020010
warning: skipping protocol with id 2020011
warning: skipping protocol with id 2020012
warning: skipping protocol with id 2020013
warning: skipping protocol with id 2020015
warning: skipping protocol with id 2020017
warning: skipping protocol with id 2020390
warning: skipping protocol with id 2020392
warning: skipping protocol with id 2020395
warning: skipping protocol with id 2020396
warning: skipping protocol with id 2020398
warning: skipping protocol with id 2020399
warning: skipping protocol with id 2020400
warning: skipping protocol with id 2020401
warning: skipping protocol with id 2020402
warning: skipping protocol with id 2020403
warning: skipping protocol with id 2020404
warning: skipping protocol with id 2020406
warning: skipping protocol with id 2020407
warning: skipping protocol with id 2020692
warning: skipping protocol with id 2020693
warning: skipping protocol with id 2020695
warning: skipping protocol with id 2020696
warning: skipping protocol with id 2020827
warning: skipping protocol with id 2020829
warning: skipping protocol with id 2020830
warning: skipping protocol with id 2020833
warning: skipping protocol with id 2020834
warning: skipping protocol with id 2020836
warning: skipping protocol with id 2020837
warning: skipping protocol with id 2020966
warning: skipping protocol with id 2020968
warning: skipping protocol with id 2020970
warning: skipping protocol with id 2020972
warning: skipping protocol with id 2020973
warning: skipping protocol with id 2020975
warning: skipping protocol with id 2020976
warning: skipping protocol with id 2020978
warning: skipping protocol with id 2020979
warning: skipping protocol with id 2020981
warning: skipping protocol with id 2021090
warning: skipping protocol with id 2021092
warning: skipping protocol with id 2021093
warning: skipping protocol with id 2021094
warning: skipping protocol with id 2021096
warning: skipping protocol with id 2021098
warning: skipping protocol with id 2021101
warning: skipping protocol with id 2021171
warning: skipping protocol with id 2021250
warning: skipping protocol with id 2021251
warning: skipping protocol with id 2021252
warning: skipping protocol with id 2021573
warning: skipping protocol with id 2021575
warning: skipping protocol with id 2021576
warning: skipping protocol with id 2021578
warning: skipping protocol with id 2021580
warning: skipping protocol with id 2021581
warning: skipping protocol with id 2021582
warning: skipping protocol with id 2021583
warning: skipping protocol with id 2021584
warning: skipping protocol with id 2022020
warning: skipping protocol with id 2022021
warning: skipping protocol with id 2022023
warning: skipping protocol with id 2022025
warning: skipping protocol with id 2022026
warning: skipping protocol with id 2022028
warning: skipping protocol with id 2022033
warning: skipping protocol with id 2022034
warning: skipping protocol with id 2022037
warning: skipping protocol with id 2022038
warning: skipping protocol with id 2022039
warning: skipping protocol with id 2022257
warning: skipping protocol with id 2022502
warning: skipping protocol with id 2022503
warning: skipping protocol with id 2022505
warning: skipping protocol with id 2022508
warning: skipping protocol with id 2022510
warning: skipping protocol with id 2022513
warning: skipping protocol with id 2022514
warning: skipping protocol with id 2022618
warning: skipping protocol with id 2022620
warning: skipping protocol with id 2022817
warning: skipping protocol with id 2022822
warning: skipping protocol with id 2022825
warning: skipping protocol with id 2022872
warning: skipping protocol with id 2022873
warning: skipping protocol with id 2022876
warning: skipping protocol with id 2022950
warning: skipping protocol with id 2023180
warning: skipping protocol with id 2023281
warning: skipping protocol with id 2023282
warning: skipping protocol with id 2023284
warning: skipping protocol with id 2023285
warning: skipping protocol with id 2023286
warning: skipping protocol with id 2023287
warning: skipping protocol with id 2023288
warning: skipping protocol with id 2023764
warning: skipping protocol with id 2023765
warning: skipping protocol with id 2023767
warning: skipping protocol with id 2023768
warning: skipping protocol with id 2023769
warning: skipping protocol with id 2023770
warning: skipping protocol with id 2023771
warning: skipping protocol with id 2024187
warning: skipping protocol with id 2024189
warning: skipping protocol with id 2024190
warning: skipping protocol with id 2024192
warning: skipping protocol with id 2024193
warning: skipping protocol with id 2024195
warning: skipping protocol with id 2024196
warning: skipping protocol with id 2024197
warning: skipping protocol with id 2024201
warning: skipping protocol with id 2024302
warning: skipping protocol with id 2024576
warning: skipping protocol with id 2024577
warning: skipping protocol with id 2024583
warning: skipping protocol with id 2024909
warning: skipping protocol with id 2024913
warning: skipping protocol with id 2024914
warning: skipping protocol with id 2024916
warning: skipping protocol with id 2025035
warning: skipping protocol with id 2025292
warning: skipping protocol with id 2025293
warning: skipping protocol with id 2025296
warning: skipping protocol with id 2025298
warning: skipping protocol with id 2025316
warning: skipping protocol with id 2025654
warning: skipping protocol with id 2025669
warning: skipping protocol with id 2025671
warning: skipping protocol with id 2025673
warning: skipping protocol with id 2025674
warning: skipping protocol with id 2025675
warning: skipping protocol with id 2025676
warning: skipping protocol with id 2025677
warning: skipping protocol with id 2025678
warning: skipping protocol with id 2025683
warning: skipping protocol with id 2063275
warning: skipping protocol with id 2063404
warning: skipping protocol with id 2063407
warning: skipping protocol with id 2063410
warning: skipping protocol with id 2063412
warning: skipping protocol with id 2063415
warning: skipping protocol with id 2063419
warning: skipping protocol with id 2063421
warning: skipping protocol with id 2063422
warning: skipping protocol with id 2063425
warning: skipping protocol with id 2063737
warning: skipping protocol with id 2063740
warning: skipping protocol with id 2063741
warning: skipping protocol with id 2063742
warning: skipping protocol with id 2063743
warning: skipping protocol with id 2063744
warning: skipping protocol with id 2063745
warning: skipping protocol with id 2063747
warning: skipping protocol with id 2063749
warning: skipping protocol with id 2063952
warning: skipping protocol with id 2064137
warning: skipping protocol with id 2064139
warning: skipping protocol with id 2064141
warning: skipping protocol with id 2064143
warning: skipping protocol with id 2064145
warning: skipping protocol with id 2064147
warning: skipping protocol with id 2064197
warning: skipping protocol with id 2064499
warning: skipping protocol with id 2064503
warning: skipping protocol with id 2064509
warning: skipping protocol with id 2064512
warning: skipping protocol with id 2064515
warning: skipping protocol with id 2064516
warning: skipping protocol with id 2064517
warning: skipping protocol with id 2064577
warning: skipping protocol with id 2064578
warning: skipping protocol with id 2064782
warning: skipping protocol with id 2064878
warning: skipping protocol with id 2064879
warning: skipping protocol with id 2064880
warning: skipping protocol with id 2064884
warning: skipping protocol with id 2064885
warning: skipping protocol with id 2064886
warning: skipping protocol with id 2064887
warning: skipping protocol with id 2064889
warning: skipping protocol with id 2064890
warning: skipping protocol with id 2064892
warning: skipping protocol with id 2064895
warning: skipping protocol with id 2064897
warning: skipping protocol with id 2064898
warning: skipping protocol with id 2065234
warning: skipping protocol with id 2065236
warning: skipping protocol with id 2065238
warning: skipping protocol with id 2065239
warning: skipping protocol with id 2065242
warning: skipping protocol with id 2065243
warning: skipping protocol with id 2065245
warning: skipping protocol with id 2065247
warning: skipping protocol with id 2065405
warning: skipping protocol with id 2065627
warning: skipping protocol with id 2065638
warning: skipping protocol with id 2065649
warning: skipping protocol with id 2065650
warning: skipping protocol with id 2065652
warning: skipping protocol with id 2065655
warning: skipping protocol with id 2065657
warning: skipping protocol with id 2065658
warning: skipping protocol with id 2065661
warning: skipping protocol with id 2065664
warning: skipping protocol with id 2065668
warning: skipping protocol with id 2065926
warning: skipping protocol with id 2065933
warning: skipping protocol with id 2065935
warning: skipping protocol with id 2066229
warning: skipping protocol with id 2066366
warning: skipping protocol with id 2066369
warning: skipping protocol with id 2066373
warning: skipping protocol with id 2066375
warning: skipping protocol with id 2066376
warning: skipping protocol with id 2066378
warning: skipping protocol with id 2066642
warning: skipping protocol with id 2066645
warning: skipping protocol with id 2066646
warning: skipping protocol with id 2066647
warning: skipping protocol with id 2066648
warning: skipping protocol with id 2066656
warning: skipping protocol with id 2066657
warning: skipping protocol with id 2066658
warning: skipping protocol with id 2066659
warning: skipping protocol with id 2066763
warning: skipping protocol with id 2066764
warning: skipping protocol with id 2066767
warning: skipping protocol with id 2066770
warning: skipping protocol with id 2066771
warning: skipping protocol with id 2066800
warning: skipping protocol with id 2066801
warning: skipping protocol with id 2066854
warning: skipping protocol with id 2066926
warning: skipping protocol with id 2066984
warning: skipping protocol with id 2066987
warning: skipping protocol with id 2068055
warning: skipping protocol with id 2068057
warning: skipping protocol with id 2068060
warning: skipping protocol with id 2068062
warning: skipping protocol with id 2068120
warning: skipping protocol with id 2068121
warning: skipping protocol with id 2068123
warning: skipping protocol with id 2068164
warning: skipping protocol with id 2068165
warning: skipping protocol with id 2068167
warning: skipping protocol with id 2068168
warning: skipping protocol with id 2068169
warning: skipping protocol with id 2068315
warning: skipping protocol with id 2068318
warning: skipping protocol with id 2068322
warning: skipping protocol with id 2068323
warning: skipping protocol with id 2068324
warning: skipping protocol with id 2068325
warning: skipping protocol with id 2068337
warning: skipping protocol with id 2068552
warning: skipping protocol with id 2068554
warning: skipping protocol with id 2068919
warning: skipping protocol with id 2068921
warning: skipping protocol with id 2068927
warning: skipping protocol with id 2068931
warning: skipping protocol with id 2068938
warning: skipping protocol with id 2068942
warning: skipping protocol with id 2068946
warning: skipping protocol with id 2068950
warning: skipping protocol with id 2068954
warning: skipping protocol with id 2068956
warning: skipping protocol with id 2068958
warning: skipping protocol with id 2068959
warning: skipping protocol with id 2068960
warning: skipping protocol with id 2068963
warning: skipping protocol with id 2069221
warning: skipping protocol with id 2069873
warning: skipping protocol with id 2070384
warning: skipping protocol with id 2070386
warning: skipping protocol with id 2070387
warning: skipping protocol with id 2070390
warning: skipping protocol with id 2070391
warning: skipping protocol with id 2070394
warning: skipping protocol with id 2070396
warning: skipping protocol with id 2070773
warning: skipping protocol with id 2070774
warning: skipping protocol with id 2070777
warning: skipping protocol with id 2070780
warning: skipping protocol with id 2070781
warning: skipping protocol with id 2070782
warning: skipping protocol with id 2070787
warning: skipping protocol with id 2071122
warning: skipping protocol with id 2071196
warning: skipping protocol with id 2071199
warning: skipping protocol with id 2071200
warning: skipping protocol with id 2071201
warning: skipping protocol with id 2071203
warning: skipping protocol with id 2071237
warning: skipping protocol with id 2071241
warning: skipping protocol with id 2071242
warning: skipping protocol with id 2071246
warning: skipping protocol with id 2071599
warning: skipping protocol with id 2071600
warning: skipping protocol with id 2071601
warning: skipping protocol with id 2071602
warning: skipping protocol with id 2071603
warning: skipping protocol with id 2071604
warning: skipping protocol with id 2071605
warning: skipping protocol with id 2071606
warning: skipping protocol with id 2071607
warning: skipping protocol with id 2071611
warning: skipping protocol with id 2071647
warning: skipping protocol with id 2072015
warning: skipping protocol with id 2072016
warning: skipping protocol with id 2072017
warning: skipping protocol with id 2072018
warning: skipping protocol with id 2072019
warning: skipping protocol with id 2072425
warning: skipping protocol with id 2072426
warning: skipping protocol with id 2072428
warning: skipping protocol with id 2072429
warning: skipping protocol with id 2072433
warning: skipping protocol with id 2072434
warning: skipping protocol with id 2072447
warning: skipping protocol with id 2072449
warning: skipping protocol with id 2072569
warning: skipping protocol with id 2072750
warning: skipping protocol with id 2072810
warning: skipping protocol with id 2073154
warning: skipping protocol with id 2073156
warning: skipping protocol with id 2073157
warning: skipping protocol with id 2073161
warning: skipping protocol with id 2073162
warning: skipping protocol with id 2073163
warning: skipping protocol with id 2073165
warning: skipping protocol with id 2073166
warning: skipping protocol with id 2073241
warning: skipping protocol with id 2073521
warning: skipping protocol with id 2073522
warning: skipping protocol with id 2073634
warning: skipping protocol with id 2073635
warning: skipping protocol with id 2073639
warning: skipping protocol with id 2073640
warning: skipping protocol with id 2073643
warning: skipping protocol with id 2073644
warning: skipping protocol with id 2073645
warning: skipping protocol with id 2073646
warning: skipping protocol with id 2073648
warning: skipping protocol with id 2073649
warning: skipping protocol with id 2073650
warning: skipping protocol with id 2073865
warning: skipping protocol with id 2074000
warning: skipping protocol with id 2074001
warning: skipping protocol with id 2074003
warning: skipping protocol with id 2074026
warning: skipping protocol with id 2074028
warning: skipping protocol with id 2074078
warning: skipping protocol with id 2074162
warning: skipping protocol with id 2074163
warning: skipping protocol with id 2074515
warning: skipping protocol with id 2074516
warning: skipping protocol with id 2074519
warning: skipping protocol with id 2074839
warning: skipping protocol with id 2074840
warning: skipping protocol with id 2075479
warning: skipping protocol with id 2075480
warning: skipping protocol with id 2075842
warning: skipping protocol with id 2075844
warning: skipping protocol with id 2075845
warning: skipping protocol with id 2075968
warning: skipping protocol with id 2076194
warning: skipping protocol with id 2076199
warning: skipping protocol with id 2076200
warning: skipping protocol with id 2076201
warning: skipping protocol with id 2076202
warning: skipping protocol with id 2076203
warning: skipping protocol with id 2076216
warning: skipping protocol with id 2076251
warning: skipping protocol with id 2076864
warning: skipping protocol with id 2076865
warning: skipping protocol with id 2076866
warning: skipping protocol with id 2076876
warning: skipping protocol with id 2076879
warning: skipping protocol with id 2077187
warning: skipping protocol with id 2077188
warning: skipping protocol with id 2077190
warning: skipping protocol with id 2077191
warning: skipping protocol with id 2077192
warning: skipping protocol with id 2077194
warning: skipping protocol with id 2077504
warning: skipping protocol with id 2077835
warning: skipping protocol with id 2077843
warning: skipping protocol with id 2077845
warning: skipping protocol with id 2077846
warning: skipping protocol with id 2077847
warning: skipping protocol with id 2078141
warning: skipping protocol with id 2078149
warning: skipping protocol with id 2078151
warning: skipping protocol with id 2078153
warning: skipping protocol with id 2078261
warning: skipping protocol with id 2078262
warning: skipping protocol with id 2078268
warning: skipping protocol with id 2078269
warning: skipping protocol with id 2078282
warning: skipping protocol with id 2078293
