SLURM_JOBID=869844
SLURM_JOB_NODELIST=ise-titan-01
GPU 0: NVIDIA TITAN RTX (UUID: GPU-0968b2bc-056e-4fa7-9c1e-3ae773a37d31)
committee id: 937
fetched 457 sessions
418 documented sessions
416 unique documented sessions
fetched 416 protocols)
warning: skipping protocol with id 565244
warning: skipping protocol with id 565253
warning: skipping protocol with id 565323
warning: skipping protocol with id 565461
warning: skipping protocol with id 565688
warning: skipping protocol with id 565929
warning: skipping protocol with id 565972
warning: skipping protocol with id 566018
warning: skipping protocol with id 566292
warning: skipping protocol with id 566373
warning: skipping protocol with id 566393
warning: skipping protocol with id 566409
warning: skipping protocol with id 566471
warning: skipping protocol with id 566554
warning: skipping protocol with id 567121
warning: skipping protocol with id 567179
warning: skipping protocol with id 567203
warning: skipping protocol with id 567311
warning: skipping protocol with id 567395
warning: skipping protocol with id 567646
warning: skipping protocol with id 567671
warning: skipping protocol with id 567699
warning: skipping protocol with id 567725
warning: skipping protocol with id 567943
warning: skipping protocol with id 568105
warning: skipping protocol with id 568223
warning: skipping protocol with id 568347
warning: skipping protocol with id 568404
warning: skipping protocol with id 568418
warning: skipping protocol with id 568451
warning: skipping protocol with id 568483
warning: skipping protocol with id 568488
warning: skipping protocol with id 568491
warning: skipping protocol with id 568508
warning: skipping protocol with id 568862
warning: skipping protocol with id 568865
warning: skipping protocol with id 568873
warning: skipping protocol with id 568981
warning: skipping protocol with id 569010
warning: skipping protocol with id 569278
warning: skipping protocol with id 569525
warning: skipping protocol with id 569757
warning: skipping protocol with id 569815
warning: skipping protocol with id 569863
warning: skipping protocol with id 569931
warning: skipping protocol with id 570075
warning: skipping protocol with id 570163
warning: skipping protocol with id 570169
warning: skipping protocol with id 570483
warning: skipping protocol with id 570485
warning: skipping protocol with id 570544
warning: skipping protocol with id 570783
warning: skipping protocol with id 570937
warning: skipping protocol with id 570939
warning: skipping protocol with id 571001
warning: skipping protocol with id 571026
warning: skipping protocol with id 571030
warning: skipping protocol with id 571054
warning: skipping protocol with id 571127
warning: skipping protocol with id 571131
warning: skipping protocol with id 571144
warning: skipping protocol with id 571182
warning: skipping protocol with id 571195
warning: skipping protocol with id 571366
warning: skipping protocol with id 571369
warning: skipping protocol with id 571375
warning: skipping protocol with id 571400
warning: skipping protocol with id 571440
warning: skipping protocol with id 571518
warning: skipping protocol with id 571558
warning: skipping protocol with id 571844
warning: skipping protocol with id 572038
warning: skipping protocol with id 572172
warning: skipping protocol with id 572228
warning: skipping protocol with id 572331
warning: skipping protocol with id 572500
warning: skipping protocol with id 572507
warning: skipping protocol with id 572725
warning: skipping protocol with id 572880
warning: skipping protocol with id 572915
warning: skipping protocol with id 572978
warning: skipping protocol with id 573180
warning: skipping protocol with id 573209
warning: skipping protocol with id 573315
warning: skipping protocol with id 573569
warning: skipping protocol with id 573578
warning: skipping protocol with id 573587
warning: skipping protocol with id 573653
warning: skipping protocol with id 573768
warning: skipping protocol with id 573947
warning: skipping protocol with id 573957
warning: skipping protocol with id 573973
warning: skipping protocol with id 573987
warning: skipping protocol with id 574158
warning: skipping protocol with id 574327
warning: skipping protocol with id 574360
warning: skipping protocol with id 574567
warning: skipping protocol with id 574732
warning: skipping protocol with id 574847
warning: skipping protocol with id 574924
warning: skipping protocol with id 575353
warning: skipping protocol with id 575607
warning: skipping protocol with id 575849
warning: skipping protocol with id 576283
warning: skipping protocol with id 576286
warning: skipping protocol with id 576562
warning: skipping protocol with id 576649
warning: skipping protocol with id 576650
warning: skipping protocol with id 576868
warning: skipping protocol with id 577051
warning: skipping protocol with id 577090
warning: skipping protocol with id 577579
warning: skipping protocol with id 578024
warning: skipping protocol with id 578478
warning: skipping protocol with id 578514
warning: skipping protocol with id 578633
warning: skipping protocol with id 578723
warning: skipping protocol with id 578771
warning: skipping protocol with id 578888
warning: skipping protocol with id 578898
warning: skipping protocol with id 578923
warning: skipping protocol with id 579047
warning: skipping protocol with id 579122
warning: skipping protocol with id 2002532
warning: skipping protocol with id 2002854
warning: skipping protocol with id 2002855
warning: skipping protocol with id 2003156
warning: skipping protocol with id 2003193
warning: skipping protocol with id 2003413
warning: skipping protocol with id 2003567
warning: skipping protocol with id 2003643
warning: skipping protocol with id 2003694
warning: skipping protocol with id 2003790
warning: skipping protocol with id 2004051
warning: skipping protocol with id 2004160
warning: skipping protocol with id 2004547
warning: skipping protocol with id 2004706
warning: skipping protocol with id 2004858
warning: skipping protocol with id 2004965
warning: skipping protocol with id 2004966
warning: skipping protocol with id 2005436
warning: skipping protocol with id 2005438
warning: skipping protocol with id 2005665
warning: skipping protocol with id 2005835
warning: skipping protocol with id 2005884
warning: skipping protocol with id 2006046
warning: skipping protocol with id 2006110
warning: skipping protocol with id 2006189
warning: skipping protocol with id 2006214
warning: skipping protocol with id 2006235
warning: skipping protocol with id 2006385
warning: skipping protocol with id 2006390
warning: skipping protocol with id 2006391
warning: skipping protocol with id 2006535
warning: skipping protocol with id 2006550
warning: skipping protocol with id 2006552
warning: skipping protocol with id 2006703
warning: skipping protocol with id 2006879
warning: skipping protocol with id 2006898
warning: skipping protocol with id 2006968
warning: skipping protocol with id 2006993
warning: skipping protocol with id 2007463
warning: skipping protocol with id 2007904
warning: skipping protocol with id 2008115
warning: skipping protocol with id 2008265
warning: skipping protocol with id 2008505
warning: skipping protocol with id 2008610
warning: skipping protocol with id 2009084
warning: skipping protocol with id 2009156
warning: skipping protocol with id 2009411
warning: skipping protocol with id 2009751
warning: skipping protocol with id 2009761
warning: skipping protocol with id 2010022
warning: skipping protocol with id 2010186
warning: skipping protocol with id 2010281
warning: skipping protocol with id 2010287
warning: skipping protocol with id 2010295
warning: skipping protocol with id 2010402
warning: skipping protocol with id 2010559
warning: skipping protocol with id 2010852
warning: skipping protocol with id 2010909
warning: skipping protocol with id 2010940
warning: skipping protocol with id 2010944
warning: skipping protocol with id 2010967
warning: skipping protocol with id 2010969
warning: skipping protocol with id 2010988
warning: skipping protocol with id 2010989
warning: skipping protocol with id 2010991
warning: skipping protocol with id 2011003
warning: skipping protocol with id 2011044
warning: skipping protocol with id 2011051
warning: skipping protocol with id 2011075
warning: skipping protocol with id 2011079
warning: skipping protocol with id 2011181
warning: skipping protocol with id 2011212
warning: skipping protocol with id 2011244
warning: skipping protocol with id 2011513
warning: skipping protocol with id 2011568
warning: skipping protocol with id 2011758
warning: skipping protocol with id 2011795
warning: skipping protocol with id 2011972
warning: skipping protocol with id 2012257
warning: skipping protocol with id 2012552
warning: skipping protocol with id 2012593
warning: skipping protocol with id 2012779
warning: skipping protocol with id 2012876
warning: skipping protocol with id 2012995
warning: skipping protocol with id 2013029
warning: skipping protocol with id 2013206
warning: skipping protocol with id 2013380
warning: skipping protocol with id 2013461
warning: skipping protocol with id 2013497
warning: skipping protocol with id 2013511
warning: skipping protocol with id 2013660
warning: skipping protocol with id 2013936
warning: skipping protocol with id 2013953
warning: skipping protocol with id 2014016
warning: skipping protocol with id 2014304
warning: skipping protocol with id 2014412
warning: skipping protocol with id 2014771
warning: skipping protocol with id 2014996
warning: skipping protocol with id 2015240
warning: skipping protocol with id 2015245
warning: skipping protocol with id 2015346
warning: skipping protocol with id 2015379
warning: skipping protocol with id 2015456
warning: skipping protocol with id 2015485
warning: skipping protocol with id 2015751
warning: skipping protocol with id 2015824
warning: skipping protocol with id 2015842
warning: skipping protocol with id 2015940
warning: skipping protocol with id 2015946
warning: skipping protocol with id 2015947
warning: skipping protocol with id 2015948
warning: skipping protocol with id 2015970
warning: skipping protocol with id 2016007
warning: skipping protocol with id 2016017
warning: skipping protocol with id 2016188
warning: skipping protocol with id 2016259
warning: skipping protocol with id 2016327
warning: skipping protocol with id 2016400
warning: skipping protocol with id 2016418
warning: skipping protocol with id 2016437
warning: skipping protocol with id 2016441
warning: skipping protocol with id 2016443
warning: skipping protocol with id 2016444
warning: skipping protocol with id 2016449
warning: skipping protocol with id 2016482
warning: skipping protocol with id 2016569
warning: skipping protocol with id 2016570
warning: skipping protocol with id 2016571
warning: skipping protocol with id 2016572
warning: skipping protocol with id 2016580
warning: skipping protocol with id 2016682
warning: skipping protocol with id 2016772
warning: skipping protocol with id 2016816
warning: skipping protocol with id 2016920
warning: skipping protocol with id 2016967
warning: skipping protocol with id 2017273
warning: skipping protocol with id 2017538
warning: skipping protocol with id 2017544
warning: skipping protocol with id 2018081
warning: skipping protocol with id 2018321
warning: skipping protocol with id 2018495
warning: skipping protocol with id 2018733
warning: skipping protocol with id 2018956
warning: skipping protocol with id 2019133
warning: skipping protocol with id 2019247
warning: skipping protocol with id 2019248
warning: skipping protocol with id 2019629
warning: skipping protocol with id 2019669
warning: skipping protocol with id 2019850
warning: skipping protocol with id 2019973
warning: skipping protocol with id 2020246
warning: skipping protocol with id 2020275
warning: skipping protocol with id 2020370
warning: skipping protocol with id 2020374
warning: skipping protocol with id 2020431
warning: skipping protocol with id 2020564
warning: skipping protocol with id 2020636
warning: skipping protocol with id 2020724
warning: skipping protocol with id 2020799
warning: skipping protocol with id 2021412
warning: skipping protocol with id 2021855
warning: skipping protocol with id 2021885
warning: skipping protocol with id 2022055
warning: skipping protocol with id 2022300
warning: skipping protocol with id 2022520
warning: skipping protocol with id 2022741
warning: skipping protocol with id 2022799
warning: skipping protocol with id 2022813
warning: skipping protocol with id 2022995
warning: skipping protocol with id 2023090
warning: skipping protocol with id 2023110
warning: skipping protocol with id 2023348
warning: skipping protocol with id 2023660
warning: skipping protocol with id 2023949
warning: skipping protocol with id 2024222
warning: skipping protocol with id 2024225
warning: skipping protocol with id 2024228
warning: skipping protocol with id 2024229
warning: skipping protocol with id 2024458
warning: skipping protocol with id 2024525
warning: skipping protocol with id 2024547
warning: skipping protocol with id 2024740
warning: skipping protocol with id 2024801
warning: skipping protocol with id 2024862
warning: skipping protocol with id 2025233
warning: skipping protocol with id 2025252
warning: skipping protocol with id 2025616
warning: skipping protocol with id 2063206
warning: skipping protocol with id 2063238
warning: skipping protocol with id 2063506
warning: skipping protocol with id 2063678
warning: skipping protocol with id 2063718
warning: skipping protocol with id 2063846
warning: skipping protocol with id 2063898
warning: skipping protocol with id 2064118
warning: skipping protocol with id 2064294
warning: skipping protocol with id 2064389
warning: skipping protocol with id 2064446
warning: skipping protocol with id 2064520
warning: skipping protocol with id 2064709
warning: skipping protocol with id 2064835
warning: skipping protocol with id 2064914
warning: skipping protocol with id 2065162
warning: skipping protocol with id 2065213
warning: skipping protocol with id 2065397
warning: skipping protocol with id 2065400
warning: skipping protocol with id 2065447
warning: skipping protocol with id 2065548
warning: skipping protocol with id 2065694
warning: skipping protocol with id 2065863
warning: skipping protocol with id 2065874
warning: skipping protocol with id 2065900
warning: skipping protocol with id 2066043
warning: skipping protocol with id 2066051
warning: skipping protocol with id 2066120
warning: skipping protocol with id 2066426
warning: skipping protocol with id 2066465
warning: skipping protocol with id 2066625
warning: skipping protocol with id 2066743
warning: skipping protocol with id 2066839
warning: skipping protocol with id 2066881
warning: skipping protocol with id 2066884
warning: skipping protocol with id 2068078
warning: skipping protocol with id 2068470
warning: skipping protocol with id 2068811
warning: skipping protocol with id 2069166
warning: skipping protocol with id 2069719
warning: skipping protocol with id 2070644
warning: skipping protocol with id 2070999
warning: skipping protocol with id 2071273
warning: skipping protocol with id 2071492
warning: skipping protocol with id 2071597
warning: skipping protocol with id 2071851
warning: skipping protocol with id 2072106
warning: skipping protocol with id 2072381
warning: skipping protocol with id 2072441
warning: skipping protocol with id 2072649
warning: skipping protocol with id 2072792
warning: skipping protocol with id 2072951
warning: skipping protocol with id 2072954
warning: skipping protocol with id 2072971
warning: skipping protocol with id 2073117
warning: skipping protocol with id 2073216
warning: skipping protocol with id 2073398
warning: skipping protocol with id 2073445
warning: skipping protocol with id 2073484
warning: skipping protocol with id 2073530
warning: skipping protocol with id 2073545
warning: skipping protocol with id 2073647
warning: skipping protocol with id 2073658
warning: skipping protocol with id 2073687
warning: skipping protocol with id 2073689
warning: skipping protocol with id 2073735
warning: skipping protocol with id 2073804
warning: skipping protocol with id 2073836
warning: skipping protocol with id 2073846
warning: skipping protocol with id 2074053
warning: skipping protocol with id 2074219
warning: skipping protocol with id 2076262
warning: skipping protocol with id 2076270
